*** Error in `./main': double free or corruption (fasttop): 0x00002b9068002dd0 ***
*** Error in `./main': double free or corruption (fasttop): 0x00002b9068003260 ***
======= Backtrace: =========
/usr/lib64/libc.so.6(+0x81299)[0x2b9038e13299]
/usr/lib64/libstdc++.so.6(_ZNSsD1Ev+0x43)[0x2b9038071b63]
./main[0x407cf8]
./main[0x404cd3]
./main[0x405394]
./main[0x4029a7]
./main[0x40380f]
/apps/spack/scholar/fall20/apps/intel-parallel-studio/cluster.2017.1-intel-17.0.1-2off4ih/compilers_and_libraries_2017.1.132/linux/compiler/lib/intel64/libiomp5.so(+0xa58c6)[0x2b90386628c6]
/apps/spack/scholar/fall20/apps/intel-parallel-studio/cluster.2017.1-intel-17.0.1-2off4ih/compilers_and_libraries_2017.1.132/linux/compiler/lib/intel64/libiomp5.so(+0xa5f1a)[0x2b9038662f1a]
/apps/spack/scholar/fall20/apps/intel-parallel-studio/cluster.2017.1-intel-17.0.1-2off4ih/compilers_and_libraries_2017.1.132/linux/compiler/lib/intel64/libiomp5.so(+0x55a1f)[0x2b9038612a1f]
/apps/spack/scholar/fall20/apps/intel-parallel-studio/cluster.2017.1-intel-17.0.1-2off4ih/compilers_and_libraries_2017.1.132/linux/compiler/lib/intel64/libiomp5.so(+0x50636)[0x2b903860d636]
/apps/spack/scholar/fall20/apps/intel-parallel-studio/cluster.2017.1-intel-17.0.1-2off4ih/compilers_and_libraries_2017.1.132/linux/compiler/lib/intel64/libiomp5.so(__kmpc_barrier+0x6b)[0x2b9038616b8b]
./main[0x40369f]
/apps/spack/scholar/fall20/apps/intel-parallel-studio/cluster.2017.1-intel-17.0.1-2off4ih/compilers_and_libraries_2017.1.132/linux/compiler/lib/intel64/libiomp5.so(__kmp_invoke_microtask+0x93)[0x2b903866dd13]
/apps/spack/scholar/fall20/apps/intel-parallel-studio/cluster.2017.1-intel-17.0.1-2off4ih/compilers_and_libraries_2017.1.132/linux/compiler/lib/intel64/libiomp5.so(+0x80b17)[0x2b903863db17]
/apps/spack/scholar/fall20/apps/intel-parallel-studio/cluster.2017.1-intel-17.0.1-2off4ih/compilers_and_libraries_2017.1.132/linux/compiler/lib/intel64/libiomp5.so(+0x801c5)[0x2b903863d1c5]
/apps/spack/scholar/fall20/apps/intel-parallel-studio/cluster.2017.1-intel-17.0.1-2off4ih/compilers_and_libraries_2017.1.132/linux/compiler/lib/intel64/libiomp5.so(+0xb1193)[0x2b903866e193]
/usr/lib64/libpthread.so.0(+0x7ea5)[0x2b9038b7dea5]
/usr/lib64/libc.so.6(clone+0x6d)[0x2b9038e908dd]
======= Memory map: ========
00400000-0040e000 r-xp 00000000 00:2b 178408459                          /home/gupta198/MapReduce/main
0060d000-0060e000 r-xp 0000d000 00:2b 178408459                          /home/gupta198/MapReduce/main
0060e000-0060f000 rwxp 0000e000 00:2b 178408459                          /home/gupta198/MapReduce/main
012a4000-01349000 rwxp 00000000 00:00 0                                  [heap]
2b9037d90000-2b9037db2000 r-xp 00000000 00:24 59115                      /usr/lib64/ld-2.17.so
2b9037db2000-2b9037db4000 r-xp 00000000 00:00 0                          [vdso]
2b9037db4000-2b9037f0d000 rwxp 00000000 00:00 0 
2b9037f0e000-2b9037f0f000 rwxp 00000000 00:00 0 
2b9037fb1000-2b9037fb2000 r-xp 00021000 00:24 59115                      /usr/lib64/ld-2.17.so
2b9037fb2000-2b9037fb3000 rwxp 00022000 00:24 59115                      /usr/lib64/ld-2.17.so
2b9037fb3000-2b9037fb4000 rwxp 00000000 00:00 0 
2b9037fb4000-2b903809d000 r-xp 00000000 00:24 59744                      /usr/lib64/libstdc++.so.6.0.19
2b903809d000-2b9038======= Backtrace: =========
/usr/lib64/libc.so.6(+0x81299)[0x2b9038e13299]
/usr/lib64/libstdc++.so.6(_ZNSsD1Ev+0x43)[0x2b9038071b63]
./main[0x407cf8]
./main[0x404cd3]
./main[0x405394]
./main[0x4029a7]
./main[0x40380f]
/apps/spack/scholar/fall20/apps/intel-parallel-studio/cluster.2017.1-intel-17.0.1-2off4ih/compilers_and_libraries_2017.1.132/linux/compiler/lib/intel64/libiomp5.so(+0xa58c6)[0x2b90386628c6]
/apps/spack/scholar/fall20/apps/intel-parallel-studio/cluster.2017.1-intel-17.0.1-2off4ih/compilers_and_libraries_2017.1.132/linux/compiler/lib/intel64/libiomp5.so(+0xa5f1a)[0x2b9038662f1a]
/apps/spack/scholar/fall20/apps/intel-parallel-studio/cluster.2017.1-intel-17.0.1-2off4ih/compilers_and_libraries_2017.1.132/linux/compiler/lib/intel64/libiomp5.so(+0x52cf5)[0x2b903860fcf5]
/apps/spack/scholar/fall20/apps/intel-parallel-studio/cluster.2017.1-intel-17.0.1-2off4ih/compilers_and_libraries_2017.1.132/linux/compiler/lib/intel64/libiomp5.so(+0x50406)[0x2b903860d406]
/apps/spack/scholar/fall20/apps/intel-parallel-studio/cluster.2017.1-intel-17.0.1-2off4ih/compilers_and_libraries_2017.1.132/linux/compiler/lib/intel64/libiomp5.so(__kmpc_barrier+0x6b)[0x2b9038616b8b]
./main[0x40369f]
/apps/spack/scholar/fall20/apps/intel-parallel-studio/cluster.2017.1-intel-17.0.1-2off4ih/compilers_and_libraries_2017.1.132/linux/compiler/lib/intel64/libiomp5.so(__kmp_invoke_microtask+0x93)[0x2b903866dd13]
/apps/spack/scholar/fall20/apps/intel-parallel-studio/cluster.2017.1-intel-17.0.1-2off4ih/compilers_and_libraries_2017.1.132/linux/compiler/lib/intel64/libiomp5.so(+0x80b17)[0x2b903863db17]
/apps/spack/scholar/fall20/apps/intel-parallel-studio/cluster.2017.1-intel-17.0.1-2off4ih/compilers_and_libraries_2017.1.132/linux/compiler/lib/intel64/libiomp5.so(+0x801c5)[0x2b903863d1c5]
/apps/spack/scholar/fall20/apps/intel-parallel-studio/cluster.2017.1-intel-17.0.1-2off4ih/compilers_and_libraries_2017.1.132/linux/compiler/lib/intel64/libiomp5.so(+0xb1193)[0x2b903866e193]
/usr/lib64/libpthread.so.0(+0x7ea5)[0x2b9038b7dea5]
/usr/lib64/libc.so.6(clone+0x6d)[0x2b9038e908dd]
======= Memory map: ========
29c000 ---p 000e9000 00:24 59744                      /usr/lib64/libstdc++.so.6.0.19
2b903829c000-2b90382a4000 r-xp 000e8000 00:24 59744                      /usr/lib64/libstdc++.so.6.0.19
2b90382a4000-2b90382a6000 rwxp 000f0000 00:24 59744                      /usr/lib64/libstdc++.so.6.0.19
2b90382a6000-2b90382bb000 rwxp 00000000 00:00 0 
2b90382bb000-2b90383bc000 r-xp 00000000 00:24 59410                      /usr/lib64/libm-2.17.so
2b90383bc000-2b90385bb000 ---p 00101000 00:24 59410                      /usr/lib64/libm-2.17.so
2b90385bb000-2b90385bc000 r-xp 00100000 00:24 59410                      /usr/lib64/libm-2.17.so
2b90385bc000-2b90385bd000 rwxp 00101000 00:24 59410                      /usr/lib64/libm-2.17.so
2b90385bd000-2b9038726000 r-xp 00000000 00:2d 4596335                    /apps/spack/scholar/fall20/apps/intel-parallel-studio/cluster.2017.1-intel-17.0.1-2off4ih/compilers_and_libraries_2017.1.132/linux/compiler/lib/intel64_lin/libiomp5.so
2b9038726000-2b9038926000 ---p 00169000 00:2d 459633500400000-0040e000 r-xp 00000000 00:2b 178408459                          /home/gupta198/MapReduce/main
0060d000-0060e000 r-xp 0000d000 00:2b 178408459                          /home/gupta198/MapReduce/main
0060e000-0060f000 rwxp 0000e000 00:2b 178408459                          /home/gupta198/MapReduce/main
012a4000-01349000 rwxp 00000000 00:00 0                                  [heap]
2b9037d90000-2b9037db2000 r-xp 00000000 00:24 59115                      /usr/lib64/ld-2.17.so
2b9037db2000-2b9037db4000 r-xp 00000000 00:00 0                          [vdso]
2b9037db4000-2b9037f0d000 rwxp 00000000 00:00 0 
2b9037f0e000-2b9037f0f000 rwxp 00000000 00:00 0 
2b9037fb1000-2b9037fb2000 r-xp 00021000 00:24 59115                      /usr/lib64/ld-2.17.so
2b9037fb2000-2b9037fb3000 rwxp 00022000 00:24 59115                      /usr/lib64/ld-2.17.so
2b9037fb3000-2b9037fb4000 rwxp 00000000 00:00 0 
2b9037fb4000-2b903809d000 r-xp 00000000 00:24 59744                      /usr/lib64/libstdc++.so.6.0.19
2b903809d000-2b903829c000 ---p 000e9000 00:24 59744                      /usr/lib64/libstdc++.so.6.0.19
2b903829c000-2b90382a4000 r-xp 000e8000 00:24 59744                      /usr/lib64/libstdc++.so.6.0.19
2b90382a4000-2b90382a6000 rwxp 000f0000 00:24 59744                      /usr/lib64/libstdc++.so.6.0.19
2b90382a6000-2b90382bb000 rwxp 00000000 00:00 0 
2b90382bb000-2b90383bc000 r-xp 00000000 00:24 59410                      /usr/lib64/libm-2.17.so
2b90383bc000-2b90385bb000 ---p 00101000 00:24 59410                      /usr/lib64/libm-2.17.so
2b90385bb000-2b90385bc000 r-xp 00100000 00:24 59410                      /usr/lib64/libm-2.17.so
2b90385bc000-2b90385bd000 rwxp 00101000 00:24 59410                      /usr/lib64/libm-2.17.so
2b90385bd000-2b9038726000 r-xp 00000000 00:2d 4596335                    /apps/spack/scholar/fall20/apps/intel-parallel-studio/cluster.2017.1-intel-17.0.1-2off4ih/compilers_and_libraries_2017.1.132/linux/compiler/lib/intel64_lin/libiomp5.so
2b9038726000-2b9038926000 ---p 00169000 00:2d 4596335                    /apps/spack/scholar/fall20/apps/intel-parallel-studio/cluster.2017.1-intel-17.0.1-2off4ih/compilers_and_libraries_2017.1.132/linux/compiler/lib/intel64_lin/libiomp5.so
2b9038926000-2b9038931000 rwxp 00169000 00:2d 4596335                    /apps/spack/scholar/fall20/apps/intel-parallel-studio/cluster.2017.1-intel-17.0.1-2off4ih/compilers_and_libraries_2017.1.132/linux/compiler/lib/intel64_lin/libiomp5.so
2b9038931000-2b9038960000 rwxp 00000000 00:00 0 
2b9038960000-2b9038975000 r-xp 00000000 00:24 59094                      /usr/lib64/libgcc_s-4.8.5-20150702.so.1
2b9038975000-2b9038b74000 ---p 00015000 00:24 59094                      /usr/lib64/libgcc_s-4.8.5-20150702.so.1
2b9038b74000-2b9038b75000 r-xp 00014000 00:24 59094                      /usr/lib64/libgcc_s-4.8.5-20150702.so.1
2b9038b75000-2b9038b76000 rwxp 00015000 00:24 59094                      /usr/lib64/libgcc_s-4.8.5-20150702.so.1
2b9038b76000-2b9038b8d000 r-xp 00000000 00:24 59611                      /usr/lib64/libpthread                    /apps/spack/scholar/fall20/apps/intel-parallel-studio/cluster.2017.1-intel-17.0.1-2off4ih/compilers_and_libraries_2017.1.132/linux/compiler/lib/intel64_lin/libiomp5.so
2b9038926000-2b9038931000 rwxp 00169000 00:2d 4596335                    /apps/spack/scholar/fall20/apps/intel-parallel-studio/cluster.2017.1-intel-17.0.1-2off4ih/compilers_and_libraries_2017.1.132/linux/compiler/lib/intel64_lin/libiomp5.so
2b9038931000-2b9038960000 rwxp 00000000 00:00 0 
2b9038960000-2b9038975000 r-xp 00000000 00:24 59094                      /usr/lib64/libgcc_s-4.8.5-20150702.so.1
2b9038975000-2b9038b74000 ---p 00015000 00:24 59094                      /usr/lib64/libgcc_s-4.8.5-20150702.so.1
2b9038b74000-2b9038b75000 r-xp 00014000 00:24 59094                      /usr/lib64/libgcc_s-4.8.5-20150702.so.1
2b9038b75000-2b9038b76000 rwxp 00015000 00:24 59094                      /usr/lib64/libgcc_s-4.8.5-20150702.so.1
2b9038b76000-2b9038b8d000 r-xp 00000000 00:24 59611                      /usr/lib64/libpthread-2.17.so
2b9038b8d000-2b9038d8c000 ---p 00017000 00:24 59611                      /usr/lib64/libpthread-2.17.so
2b9038d8c000-2b9038d8d000 r-xp 00016000 00:24 59611                      /usr/lib64/libpthread-2.17.so
2b9038d8d000-2b9038d8e000 rwxp 00017000 00:24 59611                      /usr/lib64/libpthread-2.17.so
2b9038d8e000-2b9038d92000 rwxp 00000000 00:00 0 
2b9038d92000-2b9038f55000 r-xp 00000000 00:24 59394                      /usr/lib64/libc-2.17.so
2b9038f55000-2b9039155000 ---p 001c3000 00:24 59394                      /usr/lib64/libc-2.17.so
2b9039155000-2b9039159000 r-xp 001c3000 00:24 59394                      /usr/lib64/libc-2.17.so
2b9039159000-2b903915b000 rwxp 001c7000 00:24 59394                      /usr/lib64/libc-2.17.so
2b903915b000-2b9039160000 rwxp 00000000 00:00 0 
2b9039160000-2b9039162000 r-xp 00000000 00:24 59406                      /usr/lib64/libdl-2.17.so
2b9039162000-2b9039362000 ---p 00002000 00:24 59406                      /usr/lib64/libdl-2.17.so
2b9039362000-2b9039363000 r-xp 00002000 00:24 59406                      /usr/lib64/libdl-2.17.so
2b9039363000-2b9039364000 rwxp 00003000 00:24 59406                      /usr/lib64/libdl-2.17.so
2b9039364000-2b9039564000 rwxp 00000000 00:00 0 
2b9039564000-2b9039565000 ---p 00000000 00:00 0 
2b9039565000-2b9039966000 rwxp 00000000 00:00 0 
2b9039966000-2b9039967000 ---p 00000000 00:00 0 
2b9039967000-2b9039d68000 rwxp 00000000 00:00 0 
2b9039d68000-2b9039d69000 ---p 00000000 00:00 0 
2b9039d69000-2b903a16a000 rwxp 00000000 00:00 0 
2b903a16a000-2b903a16b000 ---p 00000000 00:00 0 
2b903a16b000-2b903a56c000 rwxp 00000000 00:00 0 
2b903a56c000-2b903a56d000 ---p 00000000 00:00 0 
2b903a56d000-2b903a96e000 rwxp 00000000 00:00 0 
2b903a96e000-2b903a96f000 ---p 00000000 00:00 0 
2b903a96f000-2b903ad70000 rwxp 00000000 00:00 0 
2b903ad70000-2b903ad71000 ---p 00000000 00:00 0 
2b903ad71000-2b903b172000 rwxp 00000000 00:00 0 
2b903b172000-2b903b173000 ---p 00000000 00:00 0 
2b903b173000-2b903b574000 rwxp 00000000 00:00 0 
2b903b574000-2b903b575000 ---p 00000000 00:00 0 
2b903b575000-2b903b976000 rwxp 00000000 00:00 0 
2b903b976000-2b903b977000 ---p 00000000 00:00 0 
2b903b977000-2b903bf78000 rwxp 00000000 00:00 0 
2b903c000000-2b903c042000 rwxp 00000000 00:00 0 
2b903c042000-2b9040000000 ---p 00000000 00:00 0 
2b9040000000-2b90403f2000 rwxp 00000000 00:00 0 
2b90403f2000-2b9044000000 ---p 00000000 00:00 0 
2b9044000000-2b9044232000 rwxp 00000000 00:00 0 
2b9044232000-2b9048000000 ---p 00000000 00:00 0 
2b9048000000-2b9048656000 rwxp 00000000 00:00 0 
2b9048656000-2b904c000000 ---p 00000000 00:00 0 
2b904c000000-2b904c2a1000 rwxp 00000000 00:00 0 
2b904c2a1000-2b9050000000 ---p 00000000 00:00 0 
2b9050000000-2b9050021000 rwxp 00000000 00:00 0 
2b9050021000-2b9054000000 ---p 00000000 00:00 0 
2b9054000000-2b9054042000 rwxp 00000000 00:00 0 
2b9054042000-2b9058000000 ---p 00000000 00:00 0 
2b9058000000-2b905806a000 rwxp 00000000 00:00 0 
2b905806a000-2b905c000000 ---p 00000000 00:00 0 
2b905c000000-2b905c165000 rwxp 00000000 00:00 0 
2b905c165000-2-2.17.so
2b9038b8d000-2b9038d8c000 ---p 00017000 00:24 59611                      /usr/lib64/libpthread-2.17.so
2b9038d8c000-2b9038d8d000 r-xp 00016000 00:24 59611                      /usr/lib64/libpthread-2.17.so
2b9038d8d000-2b9038d8e000 rwxp 00017000 00:24 59611                      /usr/lib64/libpthread-2.17.so
2b9038d8e000-2b9038d92000 rwxp 00000000 00:00 0 
2b9038d92000-2b9038f55000 r-xp 00000000 00:24 59394                      /usr/lib64/libc-2.17.so
2b9038f55000-2b9039155000 ---p 001c3000 00:24 59394                      /usr/lib64/libc-2.17.so
2b9039155000-2b9039159000 r-xp 001c3000 00:24 59394                      /usr/lib64/libc-2.17.so
2b9039159000-2b903915b000 rwxp 001c7000 00:24 59394                      /usr/lib64/libc-2.17.so
2b903915b000-2b9039160000 rwxp 00000000 00:00 0 
2b9039160000-2b9039162000 r-xp 00000000 00:24 59406                      /usr/lib64/libdl-2.17.so
2b9039162000-2b9039362000 ---p 00002000 00:24 59406                      /usr/lib64/libdl-2.17.so
2b9039362000-2b903936300b9060000000 ---p 00000000 00:00 0 
2b9060000000-2b9060001000 ---p 00000000 00:00 0 
2b9060001000-2b9060402000 rwxp 00000000 00:00 0 
2b9060402000-2b9060403000 ---p 00000000 00:00 0 
2b9060403000-2b9060804000 rwxp 00000000 00:00 0 
2b9060804000-2b9060805000 ---p 00000000 00:00 0 
2b9060805000-2b9060c06000 rwxp 00000000 00:00 0 
2b9060c06000-2b9060c07000 ---p 00000000 00:00 0 
2b9060c07000-2b9061008000 rwxp 00000000 00:00 0 
2b9061008000-2b9061009000 ---p 00000000 00:00 0 
2b9061009000-2b906140a000 rwxp 00000000 00:00 0 
2b906140a000-2b906140b000 ---p 00000000 00:00 0 
2b906140b000-2b906180c000 rwxp 00000000 00:00 0 
2b906180c000-2b906180d000 ---p 00000000 00:00 0 
2b906180d000-2b9061c0e000 rwxp 00000000 00:00 0 
2b9061c0e000-2b9061c0f000 ---p 00000000 00:00 0 
2b9061c0f000-2b9062010000 rwxp 00000000 00:00 0 
2b9062010000-2b9062011000 ---p 00000000 00:00 0 
2b9062011000-2b9062613000 rwxp 00000000 00:00 0 
2b9064000000-2b906413f000 rwxp 00000000 00:00 0 
2b906413f000-2b9068000000 ---p 00000000 00:00 0 
2b90680000 r-xp 00002000 00:24 59406                      /usr/lib64/libdl-2.17.so
2b9039363000-2b9039364000 rwxp 00003000 00:24 59406                      /usr/lib64/libdl-2.17.so
2b9039364000-2b9039564000 rwxp 00000000 00:00 0 
2b9039564000-2b9039565000 ---p 00000000 00:00 0 
2b9039565000-2b9039966000 rwxp 00000000 00:00 0 
2b9039966000-2b9039967000 ---p 00000000 00:00 0 
2b9039967000-2b9039d68000 rwxp 00000000 00:00 0 
2b9039d68000-2b9039d69000 ---p 00000000 00:00 0 
2b9039d69000-2b903a16a000 rwxp 00000000 00:00 0 
2b903a16a000-2b903a16b000 ---p 00000000 00:00 0 
2b903a16b000-2b903a56c000 rwxp 00000000 00:00 0 
2b903a56c000-2b903a56d000 ---p 00000000 00:00 0 
2b903a56d000-2b903a96e000 rwxp 00000000 00:00 0 
2b903a96e000-2b903a96f000 ---p 00000000 00:00 0 
2b903a96f000-2b903ad70000 rwxp 00000000 00:00 0 
2b903ad70000-2b903ad71000 ---p 00000000 00:00 0 
2b903ad71000-2b903b172000 rwxp 00000000 00:00 0 
2b903b172000-2b903b173000 ---p 00000000 00:00 0 
2b903b173000-2b903b574000 rwxp 00000000 00:00 0 
2b903b574000-2b903b575000 ---p 00000000 00:00 0 
2b903b575000-2b903b976000 rwxp 00000000 00:00 0 
2b903b976000-2b903b977000 ---p 00000000 00:00 0 
2b903b977000-2b903bf78000 rwxp 00000000 00:00 0 
2b903c000000-2b903c042000 rwxp 00000000 00:00 0 
2b903c042000-2b9040000000 ---p 00000000 00:00 0 
2b9040000000-2b90403f2000 rwxp 00000000 00:00 0 
2b90403f2000-2b9044000000 ---p 00000000 00:00 0 
2b9044000000-2b9044232000 rwxp 00000000 00:00 0 
2b9044232000-2b9048000000 ---p 00000000 00:00 0 
2b9048000000-2b9048656000 rwxp 00000000 00:00 0 
2b9048656000-2b904c000000 ---p 00000000 00:00 0 
2b904c000000-2b904c2a1000 rwxp 00000000 00:00 0 
2b904c2a1000-2b9050000000 ---p 00000000 00:00 0 
2b9050000000-2b9050021000 rwxp 00000000 00:00 0 
2b9050021000-2b9054000000 ---p 00000000 00:00 0 
2b9054000000-2b9054042000 rwxp 00000000 00:00 0 
2b9054042000-2b9058000000 ---p 00000000 00:00 0 
2b9058000000-2b905806a000 rwxp 00000000 00:00 0 
2b905806a000-2b905c000000 ---p 00000000 00:00 0 
2b905c000000-2b905c165000 rwxp 00000000 00:00 0 
2b905c165000-2b9060000000 ---p 00000000 00:00 0 
2b9060000000-2b9060001000 ---p 00000000 00:00 0 
2b9060001000-2b9060402000 rwxp 00000000 00:00 0 
2b9060402000-2b9060403000 ---p 00000000 00:00 0 
2b9060403000-2b9060804000 rwxp 00000000 00:00 0 
2b9060804000-2b9060805000 ---p 00000000 00:00 0 
2b9060805000-2b9060c06000 rwxp 00000000 00:00 0 
2b9060c06000-2b9060c07000 ---p 00000000 00:00 0 
2b9060c07000-2b9061008000 rwxp 00000000 00:00 0 
2b9061008000-2b9061009000 ---p 00000000 00:00 0 
2b9061009000-2b906140a000 rwxp 00000000 00:00 0 
2b906140a000-2b906140b000 ---p 00000000 00:00 0 
2b906140b000-2b906180c000 rwxp 00000000 00:00 0 
2b906180c000-2b906180d000 ---p 00000000 00:00 0 
2b906180d000-2b9061c0e000 rwxp 00000000 00:00 0 
2b9061c0e000-2b9061c0f000 ---p 00000000 00:00 0 
2b9061c0f000-2b9062010000 rwxp 00000000 00:00 0 
2b9062010000-2b9062011000 ---p 00000000 00:00 0 
2b9062011000-2b9062613000 rwxp 00000000 00:00 0 
2b9064000000-2b906413f000 rwxp 00000000 00:00 0 
2b906413f000-2b9068000000 ---p 00000000 00:00 0 
2b9068000000-2b90680ab000 rwxp 00000000 00:00 0 
2b90680ab000-2b906c000000 ---p 00000000 00:00 0 
2b906c000000-2b906c043000 rwxp 00000000 00:00 0 
2b906c043000-2b9070000000 ---p 00000000 00:00 0 
2b9070000000-2b90700f5000 rwxp 00000000 00:00 0 
2b90700f5000-2b9074000000 ---p 00000000 00:00 0 
2b9074000000-2b9074021000 rwxp 00000000 00:00 0 
2b9074021000-2b9078000000 ---p 00000000 00:00 0 
2b9078000000-2b9078021000 rwxp 00000000 00:00 0 
2b9078021000-2b907c000000 ---p 00000000 00:00 0 
2b907c000000-2b907c021000 rwxp 00000000 00:00 0 
2b907c021000-2b9080000000 ---p 00000000 00:00 0 
2b9080000000-2b9080021000 rwxp 00000000 00:00 0 
2b9080021000-2b9084000000 ---p 00000000 00:00 0 
2b9084000000-2b9084021000 rwxp 00000000 00:00 0 
2b9084021000-2b9088000000 ---p 00000000 00:00 0 
2b9088000000-2b9088021000 rwxp 00000000 00:00 0 
2b9088021000-2b908c000000 ---p 00000000 00:00 0 
7fff063ce000-7fff063f3000 rwxp 00000000 00:00 0                          [stack]
ffffffffff600000-ffffffffff601000 r-xp 00000000 00:00 0                  [vsyscall]
000-2b90680ab000 rwxp 00000000 00:00 0 
2b90680ab000-2b906c000000 ---p 00000000 00:00 0 
2b906c000000-2b906c043000 rwxp 00000000 00:00 0 
2b906c043000-2b9070000000 ---p 00000000 00:00 0 
2b9070000000-2b90700f5000 rwxp 00000000 00:00 0 
2b90700f5000-2b9074000000 ---p 00000000 00:00 0 
2b9074000000-2b9074021000 rwxp 00000000 00:00 0 
2b9074021000-2b9078000000 ---p 00000000 00:00 0 
2b9078000000-2b9078021000 rwxp 00000000 00:00 0 
2b9078021000-2b907c000000 ---p 00000000 00:00 0 
2b907c000000-2b907c021000 rwxp 00000000 00:00 0 
2b907c021000-2b9080000000 ---p 00000000 00:00 0 
2b9080000000-2b9080021000 rwxp 00000000 00:00 0 
2b9080021000-2b9084000000 ---p 00000000 00:00 0 
2b9084000000-2b9084021000 rwxp 00000000 00:00 0 
2b9084021000-2b9088000000 ---p 00000000 00:00 0 
2b9088000000-2b9088021000 rwxp 00000000 00:00 0 
2b9088021000-2b908c000000 ---p 00000000 00:00 0 
7fff063ce000-7fff063f3000 rwxp 00000000 00:00 0                          [stack]
ffffffffff600000-ffffffffff601000 r-xp 00000000 00:00 0                  [vsyscall]
/var/spool/slurm/job69719/slurm_script: line 7:  7972 Aborted                 ./main
