112.txt is running..txt is running.6.txt is running.

10
13.txt is running.
8.txt is running.
24.txt is running.
9.txt is running.
.txt is running.
7.txt is running.
.txt is running.
5.txt is running.
14.txt is running.
3.txt is running.
11.txt is running.
*** Error in `./main': double free or corruption (out): 0x00002b265c00a620 ***
======= Backtrace: =========
/usr/lib64/libc.so.6(+0x81299)[0x2b2641ef9299]
./main[0x4080f8]
./main[0x404631]
./main[0x405230]
./main[0x405029]
./main[0x4052a8]
./main[0x404d40]
./main[0x40544b]
./main[0x4025a3]
./main[0x40346a]
/apps/spack/scholar/fall20/apps/intel-parallel-studio/cluster.2017.1-intel-17.0.1-2off4ih/compilers_and_libraries_2017.1.132/linux/compiler/lib/intel64/libiomp5.so(__kmp_invoke_microtask+0x93)[0x2b2641753d13]
/apps/spack/scholar/fall20/apps/intel-parallel-studio/cluster.2017.1-intel-17.0.1-2off4ih/compilers_and_libraries_2017.1.132/linux/compiler/lib/intel64/libiomp5.so(+0x80b17)[0x2b2641723b17]
/apps/spack/scholar/fall20/apps/intel-parallel-studio/cluster.2017.1-intel-17.0.1-2off4ih/compilers_and_libraries_2017.1.132/linux/compiler/lib/intel64/libiomp5.so(+0x801c5)[0x2b26417231c5]
/apps/spack/scholar/fall20/apps/intel-parallel-studio/cluster.2017.1-intel-17.0.1-2off4ih/compilers_and_libraries_2017.1.132/linux/compiler/lib/intel64/libiomp5.so(+0xb1193)[0x2b2641754193]
/usr/lib64/libpthread.so.0(+0x7ea5)[0x2b2641c63ea5]
/usr/lib64/libc.so.6(clone+0x6d)[0x2b2641f768dd]
======= Memory map: ========
00400000-0040e000 r-xp 00000000 00:2b 178407670                          /home/gupta198/MapReduce/main
0060d000-0060e000 r-xp 0000d000 00:2b 178407670                          /home/gupta198/MapReduce/main
0060e000-0060f000 rwxp 0000e000 00:2b 178407670                          /home/gupta198/MapReduce/main
0170d000-0172e000 rwxp 00000000 00:00 0                                  [heap]
2b2640e76000-2b2640e98000 r-xp 00000000 00:24 59115                      /usr/lib64/ld-2.17.so
2b2640e98000-2b2640ff4000 rwxp 00000000 00:00 0 
2b2641097000-2b2641098000 r-xp 00021000 00:24 59115                      /usr/lib64/ld-2.17.so
2b2641098000-2b2641099000 rwxp 00022000 00:24 59115                      /usr/lib64/ld-2.17.so
2b2641099000-2b264109a000 rwxp 00000000 00:00 0 
2b264109a000-2b2641183000 r-xp 00000000 00:24 59744                      /usr/lib64/libstdc++.so.6.0.19
2b2641183000-2b2641382000 ---p 000e9000 00:24 59744                      /usr/lib64/libstdc++.so.6.0.19
2b2641382000-2b264138a000 r-xp 000e8000 00:24 59744                      /usr/lib64/libstdc++.so.6.0.19
2b264138a000-2b264138c000 rwxp 000f0000 00:24 59744                      /usr/lib64/libstdc++.so.6.0.19
2b264138c000-2b26413a1000 rwxp 00000000 00:00 0 
2b26413a1000-2b26414a2000 r-xp 00000000 00:24 59410                      /usr/lib64/libm-2.17.so
2b26414a2000-2b26416a1000 ---p 00101000 00:24 59410                      /usr/lib64/libm-2.17.so
2b26416a1000-2b26416a2000 r-xp 00100000 00:24 59410                      /usr/lib64/libm-2.17.so
2b26416a2000-2b26416a3000 rwxp 00101000 00:24 59410                      /usr/lib64/libm-2.17.so
2b26416a3000-2b264180c000 r-xp 00000000 00:2d 4596335                    /apps/spack/scholar/fall20/apps/intel-parallel-studio/cluster.2017.1-intel-17.0.1-2off4ih/compilers_and_libraries_2017.1.132/linux/compiler/lib/intel64_lin/libiomp5.so
2b264180c000-2b2641a0c000 ---p 00169000 00:2d 4596335                    /apps/spack/scholar/fall20/apps/intel-parallel-studio/cluster.2017.1-intel-17.0.1-2off4ih/compilers_and_libraries_2017.1.132/linux/compiler/lib/intel64_lin/libiomp5.so
2b2641a0c000-2b2641a17000 rwxp 00169000 00:2d 4596335                    /apps/spack/scholar/fall20/apps/intel-parallel-studio/cluster.2017.1-intel-17.0.1-2off4ih/compilers_and_libraries_2017.1.132/linux/compiler/lib/intel64_lin/libiomp5.so
2b2641a17000-2b2641a46000 rwxp 00000000 00:00 0 
2b2641a46000-2b2641a5b000 r-xp 00000000 00:24 59094                      /usr/lib64/libgcc_s-4.8.5-20150702.so.1
2b2641a5b000-2b2641c5a000 ---p 00015000 00:24 59094                      /usr/lib64/libgcc_s-4.8.5-20150702.so.1
2b2641c5a000-2b2641c5b000 r-xp 00014000 00:24 59094                      /usr/lib64/libgcc_s-4.8.5-20150702.so.1
2b2641c5b000-2b2641c5c000 rwxp 00015000 00:24 59094                      /usr/lib64/libgcc_s-4.8.5-20150702.so.1
2b2641c5c000-2b2641c73000 r-xp 00000000 00:24 59611                      /usr/lib64/libpthread-2.17.so
2b2641c73000-2b2641e72000 ---p 00017000 00:24 59611                      /usr/lib64/libpthread-2.17.so
2b2641e72000-2b2641e73000 r-xp 00016000 00:24 59611                      /usr/lib64/libpthread-2.17.so
2b2641e73000-2b2641e74000 rwxp 00017000 00:24 59611                      /usr/lib64/libpthread-2.17.so
2b2641e74000-2b2641e78000 rwxp 00000000 00:00 0 
2b2641e78000-2b264203b000 r-xp 00000000 00:24 59394                      /usr/lib64/libc-2.17.so
2b264203b000-2b264223b000 ---p 001c3000 00:24 59394                      /usr/lib64/libc-2.17.so
2b264223b000-2b264223f000 r-xp 001c3000 00:24 59394                      /usr/lib64/libc-2.17.so
2b264223f000-2b2642241000 rwxp 001c7000 00:24 59394                      /usr/lib64/libc-2.17.so
2b2642241000-2b2642246000 rwxp 00000000 00:00 0 
2b2642246000-2b2642248000 r-xp 00000000 00:24 59406                      /usr/lib64/libdl-2.17.so
2b2642248000-2b2642448000 ---p 00002000 00:24 59406                      /usr/lib64/libdl-2.17.so
2b2642448000-2b2642449000 r-xp 00002000 00:24 59406                      /usr/lib64/libdl-2.17.so
2b2642449000-2b264244a000 rwxp 00003000 00:24 59406                      /usr/lib64/libdl-2.17.so
2b264244a000-2b264264a000 rwxp 00000000 00:00 0 
2b264264a000-2b264264b000 ---p 00000000 00:00 0 
2b264264b000-2b2642a4c000 rwxp 00000000 00:00 0 
2b2642a4c000-2b2642a4d000 ---p 00000000 00:00 0 
2b2642a4d000-2b2642e4e000 rwxp 00000000 00:00 0 
2b2642e4e000-2b2642e4f000 ---p 00000000 00:00 0 
2b2642e4f000-2b2643250000 rwxp 00000000 00:00 0 
2b2643250000-2b2643251000 ---p 00000000 00:00 0 
2b2643251000-2b2643652000 rwxp 00000000 00:00 0 
2b2643652000-2b2643653000 ---p 00000000 00:00 0 
2b2643653000-2b2643a54000 rwxp 00000000 00:00 0 
2b2643a54000-2b2643a55000 ---p 00000000 00:00 0 
2b2643a55000-2b2643f56000 rwxp 00000000 00:00 0 
2b2644000000-2b2644021000 rwxp 00000000 00:00 0 
2b2644021000-2b2648000000 ---p 00000000 00:00 0 
2b2648000000-2b2648021000 rwxp 00000000 00:00 0 
2b2648021000-2b264c000000 ---p 00000000 00:00 0 
2b264c000000-2b264c021000 rwxp 00000000 00:00 0 
2b264c021000-2b2650000000 ---p 00000000 00:00 0 
2b2650000000-2b2650021000 rwxp 00000000 00:00 0 
2b2650021000-2b2654000000 ---p 00000000 00:00 0 
2b2654000000-2b2654021000 rwxp 00000000 00:00 0 
2b2654021000-2b2658000000 ---p 00000000 00:00 0 
2b2658000000-2b2658001000 ---p 00000000 00:00 0 
2b2658001000-2b2658402000 rwxp 00000000 00:00 0 
2b2658402000-2b2658403000 ---p 00000000 00:00 0 
2b2658403000-2b2658804000 rwxp 00000000 00:00 0 
2b2658804000-2b2658805000 ---p 00000000 00:00 0 
2b2658805000-2b2658c06000 rwxp 00000000 00:00 0 
2b2658c06000-2b2658c07000 ---p 00000000 00:00 0 
2b2658c07000-2b2659008000 rwxp 00000000 00:00 0 
2b2659008000-2b2659009000 ---p 00000000 00:00 0 
2b2659009000-2b265940a000 rwxp 00000000 00:00 0 
2b265940a000-2b265940b000 ---p 00000000 00:00 0 
2b265940b000-2b265980c000 rwxp 00000000 00:00 0 
2b265980c000-2b265980d000 ---p 00000000 00:00 0 
2b265980d000-2b2659c0e000 rwxp 00000000 00:00 0 
2b2659c0e000-2b2659c0f000 ---p 00000000 00:00 0 
2b2659c0f000-2b265a010000 rwxp 00000000 00:00 0 
2b265a010000-2b265a011000 ---p 00000000 00:00 0 
2b265a011000-2b265a412000 rwxp 00000000 00:00 0 
2b265a412000-2b265a413000 ---p 00000000 00:00 0 
2b265a413000-2b265a814000 rwxp 00000000 00:00 0 
2b265a814000-2b265a815000 ---p 00000000 00:00 0 
2b265a815000-2b265ac16000 rwxp 00000000 00:00 0 
2b265ac16000-2b265ac17000 ---p 00000000 00:00 0 
2b265ac17000-2b265b018000 rwxp 00000000 00:00 0 
2b265b018000-2b265b019000 ---p 00000000 00:00 0 
2b265b019000-2b265b61a000 rwxp 00000000 00:00 0 
2b265c000000-2b265c021000 rwxp 00000000 00:00 0 
2b265c021000-2b2660000000 ---p 00000000 00:00 0 
2b2660000000-2b2660021000 rwxp 00000000 00:00 0 
2b2660021000-2b2664000000 ---p 00000000 00:00 0 
2b2664000000-2b2664021000 rwxp 00000000 00:00 0 
2b2664021000-2b2668000000 ---p 00000000 00:00 0 
2b2668000000-2b2668021000 rwxp 00000000 00:00 0 
2b2668021000-2b266c000000 ---p 00000000 00:00 0 
2b266c000000-2b266c021000 rwxp 00000000 00:00 0 
2b266c021000-2b2670000000 ---p 00000000 00:00 0 
2b2670000000-2b2670021000 rwxp 00000000 00:00 0 
2b2670021000-2b2674000000 ---p 00000000 00:00 0 
2b2674000000-2b2674021000 rwxp 00000000 00:00 0 
2b2674021000-2b2678000000 ---p 00000000 00:00 0 
2b2678000000-2b2678021000 rwxp 00000000 00:00 0 
2b2678021000-2b267c000000 ---p 00000000 00:00 0 
2b267c000000-2b267c021000 rwxp 00000000 00:00 0 
2b267c021000-2b2680000000 ---p 00000000 00:00 0 
2b2680000000-2b2680021000 rwxp 00000000 00:00 0 
2b2680021000-2b2684000000 ---p 00000000 00:00 0 
2b2684000000-2b2684021000 rwxp 00000000 00:00 0 
2b2684021000-2b2688000000 ---p 00000000 00:00 0 
2b2688000000-2b2688021000 rwxp 00000000 00:00 0 
2b2688021000-2b268c000000 ---p 00000000 00:00 0 
2b268c000000-2b268c021000 rwxp 00000000 00:00 0 
2b268c021000-2b2690000000 ---p 00000000 00:00 0 
2b2690000000-2b2690021000 rwxp 00000000 00:00 0 
2b2690021000-2b2694000000 ---p 00000000 00:00 0 
7ffeae1fd000-7ffeae222000 rwxp 00000000 00:00 0                          [stack]
7ffeae228000-7ffeae22a000 r-xp 00000000 00:00 0                          [vdso]
ffffffffff600000-ffffffffff601000 r-xp 00000000 00:00 0                  [vsyscall]
/var/spool/slurm/job69713/slurm_script: line 7:  5829 Aborted                 ./main
