PID: 1 finished Reading Files... Time taken was 0.541527
PID: 5 finished Reading Files... Time taken was 0.55635
PID: 3 finished Reading Files... Time taken was 0.559869
PID: 4 finished Reading Files... Time taken was 0.589706
PID: 2 finished Reading Files... Time taken was 0.678216
PID: 0 finished Reading Files... Time taken was 0.683111
PID: 5 finished mapping queue... Time taken was 2.49631

PID: 1 finished mapping queue... Time taken was 2.5172

PID: 5 is done reducing.
Master Map length: 96210
Execution time: 3.09641

PID: 1 is done reducing.
Master Map length: 96210
Execution time: 3.11121

PID: 3 finished mapping queue... Time taken was 2.62015

PID: 0 finished mapping queue... Time taken was 2.51324

PID: 3 is done reducing.
Master Map length: 96210
Execution time: 3.23495

PID: 0 is done reducing.
Master Map length: 96210
Execution time: 3.28306

PID: 2 finished mapping queue... Time taken was 2.67268

PID: 4 finished mapping queue... Time taken was 2.78897

PID: 2 is done reducing.
Master Map length: 96210
Execution time: 3.41658

PID: 4 is done reducing.
Master Map length: 96210
Execution time: 3.44492




**MPI Implementation**
Number of Processes: 6
Number of Threads Per Process: 15
Final Master Map length: 96210
Final Execution time: 3.79571
