PID: 1 finished Reading Files... Time taken was 0.562935
PID: 3 finished Reading Files... Time taken was 0.573145
PID: 2 finished Reading Files... Time taken was 0.747553
PID: 0 finished Reading Files... Time taken was 0.762259
PID: 3 finished mapping queue... Time taken was 5.03006

PID: 1 finished mapping queue... Time taken was 5.04159

PID: 3 is done reducing.
Master Map length: 96210
Execution time: 5.61253

PID: 1 is done reducing.
Master Map length: 96210
Execution time: 5.61453

PID: 0 finished mapping queue... Time taken was 5.01909

PID: 0 is done reducing.
Master Map length: 96210
Execution time: 5.78958

PID: 2 finished mapping queue... Time taken was 5.04837

PID: 2 is done reducing.
Master Map length: 96210
Execution time: 5.80603




**MPI Implementation**
Number of Processes: 4
Number of Threads Per Process: 1
Final Master Map length: 96210
Final Execution time: 6.08612
