PID: 2 finished Reading Files... Time taken was 0.624094
PID: 1 finished Reading Files... Time taken was 1.06122
PID: 0 finished Reading Files... Time taken was 1.37745
PID: 2 finished mapping queue... Time taken was 6.52938

PID: 2 is done reducing.
Master Map length: 96210
Execution time: 7.16288

PID: 1 finished mapping queue... Time taken was 13.3896

PID: 1 is done reducing.
Master Map length: 96210
Execution time: 14.46

PID: 0 finished mapping queue... Time taken was 20.1031

PID: 0 is done reducing.
Master Map length: 96210
Execution time: 21.4901




**MPI Implementation**
Number of Processes: 3
Number of Threads Per Process: 1
Final Master Map length: 96210
Final Execution time: 21.756
