PID: 3 finished Reading Files... Time taken was 0.633194
PID: 2 finished Reading Files... Time taken was 1.09167
PID: 1 finished Reading Files... Time taken was 1.39947
PID: 0 finished Reading Files... Time taken was 1.69897
PID: 3 finished mapping queue... Time taken was 3.73247

PID: 3 is done reducing.
Master Map length: 96210
Execution time: 4.42499

PID: 2 finished mapping queue... Time taken was 7.29102

PID: 2 is done reducing.
Master Map length: 96210
Execution time: 8.44566

PID: 1 finished mapping queue... Time taken was 12.0151

PID: 1 is done reducing.
Master Map length: 96210
Execution time: 13.4809

PID: 0 finished mapping queue... Time taken was 16.0586

PID: 0 is done reducing.
Master Map length: 96210
Execution time: 17.8249




**MPI Implementation**
Number of Processes: 4
Number of Threads Per Process: 15
Final Master Map length: 96210
Final Execution time: 18.1035
