srun: Warning: can't honor --ntasks-per-node set to 5 which doesn't match the requested tasks 8 with the number of requested nodes 8. Ignoring --ntasks-per-node.
PID: 3 finished Reading Files... Time taken was 0.40053
PID: 4 finished Reading Files... Time taken was 0.493676
PID: 5 finished Reading Files... Time taken was 0.673699
PID: 1 finished Reading Files... Time taken was 0.68285
PID: 7 finished Reading Files... Time taken was 0.687355
PID: 0 finished Reading Files... Time taken was 0.690108
PID: 6 finished Reading Files... Time taken was 0.695645
PID: 2 finished Reading Files... Time taken was 0.700453
PID: 3 finished mapping queue... Time taken was 1.97581

PID: 3 is done reducing.
Master Map length: 96210
Execution time: 2.41775

PID: 4 finished mapping queue... Time taken was 2.11364

PID: 4 is done reducing.
Master Map length: 96210
Execution time: 2.64761

PID: 5 finished mapping queue... Time taken was 1.98068

PID: 5 is done reducing.
Master Map length: 96210
Execution time: 2.69284

PID: 1 finished mapping queue... Time taken was 2.06944

PID: 6 finished mapping queue... Time taken was 2.09003

PID: 1 is done reducing.
Master Map length: 96210
Execution time: 2.79542

PID: 7 finished mapping queue... Time taken was 2.13515

PID: 6 is done reducing.
Master Map length: 96210
Execution time: 2.82334

PID: 7 is done reducing.
Master Map length: 96210
Execution time: 2.86115

PID: 0 finished mapping queue... Time taken was 2.23866

PID: 2 finished mapping queue... Time taken was 2.25997

PID: 0 is done reducing.
Master Map length: 96210
Execution time: 2.97724

PID: 2 is done reducing.
Master Map length: 96210
Execution time: 3.00688




**MPI Implementation**
Number of Processes: 8
Number of Threads Per Process: 5
Final Master Map length: 96210
Final Execution time: 3.62992
