PID: 3 finished Reading Files... Time taken was 0.417951
PID: 4 finished Reading Files... Time taken was 0.445747
PID: 5 finished Reading Files... Time taken was 0.689519
PID: 1 finished Reading Files... Time taken was 0.691102
PID: 0 finished Reading Files... Time taken was 0.691341
PID: 7 finished Reading Files... Time taken was 0.691506
PID: 6 finished Reading Files... Time taken was 0.702821
PID: 2 finished Reading Files... Time taken was 0.70983
PID: 3 finished mapping queue... Time taken was 1.82411

PID: 3 is done reducing.
Master Map length: 96210
Execution time: 2.32543

PID: 4 finished mapping queue... Time taken was 1.92449

PID: 4 is done reducing.
Master Map length: 96210
Execution time: 2.48227

PID: 5 finished mapping queue... Time taken was 1.91073

PID: 5 is done reducing.
Master Map length: 96210
Execution time: 2.65557

PID: 1 finished mapping queue... Time taken was 1.99144

PID: 7 finished mapping queue... Time taken was 2.03044

PID: 1 is done reducing.
Master Map length: 96210
Execution time: 2.74498

PID: 7 is done reducing.
Master Map length: 96210
Execution time: 2.7765

PID: 0 finished mapping queue... Time taken was 2.20064

PID: 6 finished mapping queue... Time taken was 2.22666

PID: 2 finished mapping queue... Time taken was 2.22382

PID: 0 is done reducing.
Master Map length: 96210
Execution time: 2.93662

PID: 6 is done reducing.
Master Map length: 96210
Execution time: 2.97983

PID: 2 is done reducing.
Master Map length: 96210
Execution time: 3.00707




**MPI Implementation**
Number of Processes: 8
Number of Threads Per Process: 15
Final Master Map length: 96210
Final Execution time: 3.57831
