PID: 2 finished Reading Files... Time taken was 0.704098
PID: 0 finished Reading Files... Time taken was 0.722666
PID: 1 finished Reading Files... Time taken was 0.723225
PID: 3 finished Reading Files... Time taken was 0.726942
PID: 3 finished mapping queue... Time taken was 3.7508

PID: 3 is done reducing.
Master Map length: 96210
Execution time: 4.52539

PID: 2 finished mapping queue... Time taken was 3.82285

PID: 0 finished mapping queue... Time taken was 3.86195

PID: 2 is done reducing.
Master Map length: 96210
Execution time: 4.59954

PID: 1 finished mapping queue... Time taken was 3.9039

PID: 0 is done reducing.
Master Map length: 96210
Execution time: 4.65552

PID: 1 is done reducing.
Master Map length: 96210
Execution time: 4.67819




**MPI Implementation**
Number of Processes: 4
Number of Threads Per Process: 20
Final Master Map length: 96210
Final Execution time: 4.9969
