PID: 3 finished Reading Files... Time taken was 0.484482
PID: 1 finished Reading Files... Time taken was 1.16338
PID: 2 finished Reading Files... Time taken was 1.28428
PID: 0 finished Reading Files... Time taken was 1.7331
PID: 3 finished mapping queue... Time taken was 4.42089

PID: 3 is done reducing.
Master Map length: 96210
Execution time: 4.95071

PID: 2 finished mapping queue... Time taken was 9.06791

PID: 2 is done reducing.
Master Map length: 96210
Execution time: 10.3917

PID: 1 finished mapping queue... Time taken was 11.8995

PID: 1 is done reducing.
Master Map length: 96210
Execution time: 13.0997

PID: 0 finished mapping queue... Time taken was 15.2986

PID: 0 is done reducing.
Master Map length: 96210
Execution time: 17.0703




**MPI Implementation**
Number of Processes: 4
Number of Threads Per Process: 5
Final Master Map length: 96210
Final Execution time: 17.3493
