PID: 3 finished Reading Files... Time taken was 0.435112
PID: 4 finished Reading Files... Time taken was 0.463118
PID: 0 finished Reading Files... Time taken was 0.64696
PID: 1 finished Reading Files... Time taken was 0.66236
PID: 5 finished Reading Files... Time taken was 0.672064
PID: 7 finished Reading Files... Time taken was 0.679449
PID: 6 finished Reading Files... Time taken was 0.689091
PID: 2 finished Reading Files... Time taken was 0.690684
PID: 3 finished mapping queue... Time taken was 2.45821

PID: 3 is done reducing.
Master Map length: 96210
Execution time: 2.90143

PID: 4 finished mapping queue... Time taken was 2.59021

PID: 4 is done reducing.
Master Map length: 96210
Execution time: 3.06188

PID: 5 finished mapping queue... Time taken was 2.45627

PID: 0 finished mapping queue... Time taken was 2.48862

PID: 0 is done reducing.
Master Map length: 96210
Execution time: 3.14335

PID: 5 is done reducing.
Master Map length: 96210
Execution time: 3.14431

PID: 1 finished mapping queue... Time taken was 2.5183

PID: 1 is done reducing.
Master Map length: 96210
Execution time: 3.19062

PID: 7 finished mapping queue... Time taken was 2.54581

PID: 7 is done reducing.
Master Map length: 96210
Execution time: 3.23743

PID: 2 finished mapping queue... Time taken was 2.58031

PID: 2 is done reducing.
Master Map length: 96210
Execution time: 3.27891

PID: 6 finished mapping queue... Time taken was 2.69338

PID: 6 is done reducing.
Master Map length: 96210
Execution time: 3.39024




**MPI Implementation**
Number of Processes: 8
Number of Threads Per Process: 1
Final Master Map length: 96210
Final Execution time: 3.84543
