PID: 2 finished Reading Files... Time taken was 0.80624
PID: 1 finished Reading Files... Time taken was 0.901407
PID: 0 finished Reading Files... Time taken was 1.41004
PID: 2 finished mapping queue... Time taken was 5.15237

PID: 2 is done reducing.
Master Map length: 96210
Execution time: 6.00823

PID: 1 finished mapping queue... Time taken was 10.105

PID: 1 is done reducing.
Master Map length: 96210
Execution time: 11.0561

PID: 0 finished mapping queue... Time taken was 15.5313

PID: 0 is done reducing.
Master Map length: 96210
Execution time: 16.9944




**MPI Implementation**
Number of Processes: 3
Number of Threads Per Process: 15
Final Master Map length: 96210
Final Execution time: 17.1841
