PID: 1 finished Reading Files... Time taken was 0.479541
PID: 0 finished Reading Files... Time taken was 0.664111
PID: 2 finished Reading Files... Time taken was 0.67659
PID: 1 finished mapping queue... Time taken was 6.64028

PID: 1 is done reducing.
Master Map length: 96210
Execution time: 7.1288

PID: 0 finished mapping queue... Time taken was 6.67766

PID: 0 is done reducing.
Master Map length: 96210
Execution time: 7.3505

PID: 2 finished mapping queue... Time taken was 6.7416

PID: 2 is done reducing.
Master Map length: 96210
Execution time: 7.42659




**MPI Implementation**
Number of Processes: 3
Number of Threads Per Process: 1
Final Master Map length: 96210
Final Execution time: 7.55312
