PID: 5 finished Reading Files... Time taken was 0.553527
PID: 4 finished Reading Files... Time taken was 0.946951
PID: 3 finished Reading Files... Time taken was 1.27683
PID: 1 finished Reading Files... Time taken was 1.73689
PID: 2 finished Reading Files... Time taken was 1.98484
PID: 0 finished Reading Files... Time taken was 2.33743
PID: 5 finished mapping queue... Time taken was 2.93395

PID: 5 is done reducing.
Master Map length: 96210
Execution time: 3.55249

PID: 4 finished mapping queue... Time taken was 5.42541

PID: 4 is done reducing.
Master Map length: 96210
Execution time: 6.43075

PID: 3 finished mapping queue... Time taken was 8.1284

PID: 3 is done reducing.
Master Map length: 96210
Execution time: 9.49003

PID: 2 finished mapping queue... Time taken was 10.8889

PID: 2 is done reducing.
Master Map length: 96210
Execution time: 12.9361

PID: 1 finished mapping queue... Time taken was 13.9322

PID: 1 is done reducing.
Master Map length: 96210
Execution time: 15.7331

PID: 0 finished mapping queue... Time taken was 15.1488

PID: 0 is done reducing.
Master Map length: 96210
Execution time: 17.5338




**MPI Implementation**
Number of Processes: 6
Number of Threads Per Process: 20
Final Master Map length: 96210
Final Execution time: 17.9553
