srun: Warning: can't honor --ntasks-per-node set to 5 which doesn't match the requested tasks 6 with the number of requested nodes 6. Ignoring --ntasks-per-node.
PID: 5 finished Reading Files... Time taken was 1.03015
PID: 4 finished Reading Files... Time taken was 1.06368
PID: 2 finished Reading Files... Time taken was 1.88366
PID: 3 finished Reading Files... Time taken was 1.88417
PID: 1 finished Reading Files... Time taken was 2.09425
PID: 0 finished Reading Files... Time taken was 2.25521
PID: 5 finished mapping queue... Time taken was 2.81775

PID: 5 is done reducing.
Master Map length: 96210
Execution time: 3.88439

PID: 4 finished mapping queue... Time taken was 5.40044

PID: 4 is done reducing.
Master Map length: 96210
Execution time: 6.50234

PID: 3 finished mapping queue... Time taken was 7.70095

PID: 3 is done reducing.
Master Map length: 96210
Execution time: 9.62433

PID: 2 finished mapping queue... Time taken was 11.7144

PID: 2 is done reducing.
Master Map length: 96210
Execution time: 13.6376

PID: 1 finished mapping queue... Time taken was 12.9857

PID: 1 is done reducing.
Master Map length: 96210
Execution time: 15.1291

PID: 0 finished mapping queue... Time taken was 17.5322

PID: 0 is done reducing.
Master Map length: 96210
Execution time: 19.824




**MPI Implementation**
Number of Processes: 6
Number of Threads Per Process: 5
Final Master Map length: 96210
Final Execution time: 20.2554
