PID: 2 finished Reading Files... Time taken was 0.636158
PID: 1 finished Reading Files... Time taken was 1.06994
PID: 0 finished Reading Files... Time taken was 1.4026
PID: 2 finished mapping queue... Time taken was 6.05787

PID: 2 is done reducing.
Master Map length: 96210
Execution time: 6.74023

PID: 1 finished mapping queue... Time taken was 11.0759

PID: 1 is done reducing.
Master Map length: 96210
Execution time: 12.1857

PID: 0 finished mapping queue... Time taken was 14.3229

PID: 0 is done reducing.
Master Map length: 96210
Execution time: 15.7664




**MPI Implementation**
Number of Processes: 3
Number of Threads Per Process: 10
Final Master Map length: 96210
Final Execution time: 15.9605
