PID: 3 finished Reading Files... Time taken was 0.633806
PID: 2 finished Reading Files... Time taken was 1.1071
PID: 1 finished Reading Files... Time taken was 1.43871
PID: 0 finished Reading Files... Time taken was 1.68579
PID: 3 finished mapping queue... Time taken was 4.9905

PID: 3 is done reducing.
Master Map length: 96210
Execution time: 5.63507

PID: 2 finished mapping queue... Time taken was 10.4257

PID: 2 is done reducing.
Master Map length: 96210
Execution time: 11.5416

PID: 1 finished mapping queue... Time taken was 15.1982

PID: 1 is done reducing.
Master Map length: 96210
Execution time: 16.6466

PID: 0 finished mapping queue... Time taken was 19.9156

PID: 0 is done reducing.
Master Map length: 96210
Execution time: 21.611




**MPI Implementation**
Number of Processes: 4
Number of Threads Per Process: 1
Final Master Map length: 96210
Final Execution time: 21.8946
