PID: 6 finished Reading Files... Time taken was 0.327198
PID: 5 finished Reading Files... Time taken was 0.329062
PID: 2 finished Reading Files... Time taken was 0.508022
PID: 4 finished Reading Files... Time taken was 0.511628
PID: 9 finished Reading Files... Time taken was 0.621482
PID: 3 finished Reading Files... Time taken was 0.632469
PID: 7 finished Reading Files... Time taken was 0.634415
PID: 8 finished Reading Files... Time taken was 0.636533
PID: 1 finished Reading Files... Time taken was 0.638554
PID: 0 finished Reading Files... Time taken was 0.641128
PID: 5 finished mapping queue... Time taken was 1.63969

PID: 6 finished mapping queue... Time taken was 1.65202

PID: 2 finished mapping queue... Time taken was 1.54658

PID: 4 finished mapping queue... Time taken was 1.55893

PID: 5 is done reducing.
Master Map length: 96210
Execution time: 2.08116

PID: 6 is done reducing.
Master Map length: 96210
Execution time: 2.09557

PID: 8 finished mapping queue... Time taken was 1.49562

PID: 2 is done reducing.
Master Map length: 96210
Execution time: 2.13277

PID: 4 is done reducing.
Master Map length: 96210
Execution time: 2.17209

PID: 9 finished mapping queue... Time taken was 1.58512

PID: 8 is done reducing.
Master Map length: 96210
Execution time: 2.21217

PID: 9 is done reducing.
Master Map length: 96210
Execution time: 2.28495

PID: 7 finished mapping queue... Time taken was 1.65208

PID: 1 finished mapping queue... Time taken was 1.68409

PID: 0 finished mapping queue... Time taken was 1.68805

PID: 3 finished mapping queue... Time taken was 1.75393

PID: 7 is done reducing.
Master Map length: 96210
Execution time: 2.41085

PID: 0 is done reducing.
Master Map length: 96210
Execution time: 2.42026

PID: 1 is done reducing.
Master Map length: 96210
Execution time: 2.44126

PID: 3 is done reducing.
Master Map length: 96210
Execution time: 2.45968




**MPI Implementation**
Number of Processes: 10
Number of Threads Per Process: 20
Final Master Map length: 96210
Final Execution time: 3.34759
