PID: 5 finished Reading Files... Time taken was 0.531391
PID: 4 finished Reading Files... Time taken was 0.965822
PID: 3 finished Reading Files... Time taken was 1.29744
PID: 1 finished Reading Files... Time taken was 1.71873
PID: 2 finished Reading Files... Time taken was 2.0395
PID: 0 finished Reading Files... Time taken was 2.32145
PID: 5 finished mapping queue... Time taken was 3.32124

PID: 5 is done reducing.
Master Map length: 96210
Execution time: 3.85979

PID: 4 finished mapping queue... Time taken was 6.92539

PID: 4 is done reducing.
Master Map length: 96210
Execution time: 7.89979

PID: 3 finished mapping queue... Time taken was 10.1314

PID: 3 is done reducing.
Master Map length: 96210
Execution time: 11.4382

PID: 2 finished mapping queue... Time taken was 13.0077

PID: 2 is done reducing.
Master Map length: 96210
Execution time: 15.0558

PID: 1 finished mapping queue... Time taken was 16.5717

PID: 1 is done reducing.
Master Map length: 96210
Execution time: 18.2996

PID: 0 finished mapping queue... Time taken was 19.7524

PID: 0 is done reducing.
Master Map length: 96210
Execution time: 22.0837




**MPI Implementation**
Number of Processes: 6
Number of Threads Per Process: 1
Final Master Map length: 96210
Final Execution time: 22.505
