PID: 2 finished Reading Files... Time taken was 0.63487
PID: 1 finished Reading Files... Time taken was 1.07097
PID: 0 finished Reading Files... Time taken was 1.40589
PID: 2 finished mapping queue... Time taken was 5.69526

PID: 2 is done reducing.
Master Map length: 96210
Execution time: 6.36799

PID: 1 finished mapping queue... Time taken was 11.4014

PID: 1 is done reducing.
Master Map length: 96210
Execution time: 12.5088

PID: 0 finished mapping queue... Time taken was 15.605

PID: 0 is done reducing.
Master Map length: 96210
Execution time: 17.0643




**MPI Implementation**
Number of Processes: 3
Number of Threads Per Process: 5
Final Master Map length: 96210
Final Execution time: 17.2563
