PID: 3 finished Reading Files... Time taken was 0.482796
PID: 1 finished Reading Files... Time taken was 1.16659
PID: 2 finished Reading Files... Time taken was 1.28813
PID: 0 finished Reading Files... Time taken was 1.69269
PID: 3 finished mapping queue... Time taken was 4.03857

PID: 3 is done reducing.
Master Map length: 96210
Execution time: 4.5623

PID: 2 finished mapping queue... Time taken was 8.40298

PID: 2 is done reducing.
Master Map length: 96210
Execution time: 9.73335

PID: 1 finished mapping queue... Time taken was 12.9111

PID: 1 is done reducing.
Master Map length: 96210
Execution time: 14.1184

PID: 0 finished mapping queue... Time taken was 14.9485

PID: 0 is done reducing.
Master Map length: 96210
Execution time: 16.6847




**MPI Implementation**
Number of Processes: 4
Number of Threads Per Process: 10
Final Master Map length: 96210
Final Execution time: 16.956
