PID: 3 finished Reading Files... Time taken was 0.535511
PID: 1 finished Reading Files... Time taken was 0.538908
PID: 0 finished Reading Files... Time taken was 0.672293
PID: 2 finished Reading Files... Time taken was 0.7042
PID: 1 finished mapping queue... Time taken was 3.82443

PID: 1 is done reducing.
Master Map length: 96210
Execution time: 4.39951

PID: 3 finished mapping queue... Time taken was 4.20278

PID: 3 is done reducing.
Master Map length: 96210
Execution time: 4.77507

PID: 0 finished mapping queue... Time taken was 4.18349

PID: 2 finished mapping queue... Time taken was 4.18466

PID: 0 is done reducing.
Master Map length: 96210
Execution time: 4.90234

PID: 2 is done reducing.
Master Map length: 96210
Execution time: 4.92603




**MPI Implementation**
Number of Processes: 4
Number of Threads Per Process: 5
Final Master Map length: 96210
Final Execution time: 5.18062
