PID: 3 finished Reading Files... Time taken was 0.613353
PID: 2 finished Reading Files... Time taken was 1.08884
PID: 1 finished Reading Files... Time taken was 1.44197
PID: 0 finished Reading Files... Time taken was 1.68125
PID: 3 finished mapping queue... Time taken was 4.02651

PID: 3 is done reducing.
Master Map length: 96210
Execution time: 4.70515

PID: 2 finished mapping queue... Time taken was 8.05772

PID: 2 is done reducing.
Master Map length: 96210
Execution time: 9.20011

PID: 1 finished mapping queue... Time taken was 12.5627

PID: 1 is done reducing.
Master Map length: 96210
Execution time: 14.1075

PID: 0 finished mapping queue... Time taken was 15.5031

PID: 0 is done reducing.
Master Map length: 96210
Execution time: 17.2444




**MPI Implementation**
Number of Processes: 4
Number of Threads Per Process: 20
Final Master Map length: 96210
Final Execution time: 17.5148
