PID: 2 finished Reading Files... Time taken was 0.820148
PID: 1 finished Reading Files... Time taken was 0.940521
PID: 0 finished Reading Files... Time taken was 1.44922
PID: 2 finished mapping queue... Time taken was 5.53587

PID: 2 is done reducing.
Master Map length: 96210
Execution time: 6.43114

PID: 1 finished mapping queue... Time taken was 10.3232

PID: 1 is done reducing.
Master Map length: 96210
Execution time: 11.3511

PID: 0 finished mapping queue... Time taken was 16.7285

PID: 0 is done reducing.
Master Map length: 96210
Execution time: 18.2215




**MPI Implementation**
Number of Processes: 3
Number of Threads Per Process: 20
Final Master Map length: 96210
Final Execution time: 18.4192
