PID: 2 finished Reading Files... Time taken was 0.549379
PID: 0 finished Reading Files... Time taken was 0.551173
PID: 3 finished Reading Files... Time taken was 0.564664
PID: 4 finished Reading Files... Time taken was 0.588926
PID: 5 finished Reading Files... Time taken was 0.674189
PID: 1 finished Reading Files... Time taken was 0.676601
PID: 4 finished mapping queue... Time taken was 2.37091

PID: 4 is done reducing.
Master Map length: 96210
Execution time: 3.01592

PID: 3 finished mapping queue... Time taken was 2.51541

PID: 3 is done reducing.
Master Map length: 96210
Execution time: 3.14279

PID: 1 finished mapping queue... Time taken was 2.56073

PID: 5 finished mapping queue... Time taken was 2.58544

PID: 1 is done reducing.
Master Map length: 96210
Execution time: 3.29693

PID: 5 is done reducing.
Master Map length: 96210
Execution time: 3.37773

PID: 2 finished mapping queue... Time taken was 2.85888

PID: 2 is done reducing.
Master Map length: 96210
Execution time: 3.44779

PID: 0 finished mapping queue... Time taken was 3.02427

PID: 0 is done reducing.
Master Map length: 96210
Execution time: 3.63284




**MPI Implementation**
Number of Processes: 6
Number of Threads Per Process: 20
Final Master Map length: 96210
Final Execution time: 4.12036
