PID: 3 finished Reading Files... Time taken was 0.510742
PID: 1 finished Reading Files... Time taken was 0.514199
PID: 0 finished Reading Files... Time taken was 0.65729
PID: 2 finished Reading Files... Time taken was 0.682735
PID: 1 finished mapping queue... Time taken was 3.82949

PID: 1 is done reducing.
Master Map length: 96210
Execution time: 4.3963

PID: 0 finished mapping queue... Time taken was 3.85858

PID: 0 is done reducing.
Master Map length: 96210
Execution time: 4.57107

PID: 3 finished mapping queue... Time taken was 4.13127

PID: 3 is done reducing.
Master Map length: 96210
Execution time: 4.68276

PID: 2 finished mapping queue... Time taken was 4.2589

PID: 2 is done reducing.
Master Map length: 96210
Execution time: 4.99211




**MPI Implementation**
Number of Processes: 4
Number of Threads Per Process: 10
Final Master Map length: 96210
Final Execution time: 5.22788
