PID: 3 finished Reading Files... Time taken was 0.398758
PID: 2 finished Reading Files... Time taken was 0.409842
PID: 4 finished Reading Files... Time taken was 0.41192
PID: 6 finished Reading Files... Time taken was 0.569766
PID: 0 finished Reading Files... Time taken was 0.592057
PID: 1 finished Reading Files... Time taken was 0.630294
PID: 7 finished Reading Files... Time taken was 0.631873
PID: 5 finished Reading Files... Time taken was 0.643889
PID: 3 finished mapping queue... Time taken was 1.94376

PID: 4 finished mapping queue... Time taken was 1.97247

PID: 3 is done reducing.
Master Map length: 96210
Execution time: 2.41049

PID: 2 finished mapping queue... Time taken was 2.00974

PID: 7 finished mapping queue... Time taken was 1.82653

PID: 4 is done reducing.
Master Map length: 96210
Execution time: 2.46648

PID: 7 is done reducing.
Master Map length: 96210
Execution time: 2.52832

PID: 2 is done reducing.
Master Map length: 96210
Execution time: 2.53537

PID: 6 finished mapping queue... Time taken was 2.00373

PID: 0 finished mapping queue... Time taken was 2.02269

PID: 6 is done reducing.
Master Map length: 96210
Execution time: 2.64648

PID: 5 finished mapping queue... Time taken was 2.0812

PID: 0 is done reducing.
Master Map length: 96210
Execution time: 2.7335

PID: 5 is done reducing.
Master Map length: 96210
Execution time: 2.79692

PID: 1 finished mapping queue... Time taken was 2.21871

PID: 1 is done reducing.
Master Map length: 96210
Execution time: 2.95266




**MPI Implementation**
Number of Processes: 8
Number of Threads Per Process: 20
Final Master Map length: 96210
Final Execution time: 3.62835
