PID: 1 finished Reading Files... Time taken was 0.541382
PID: 3 finished Reading Files... Time taken was 0.545796
PID: 5 finished Reading Files... Time taken was 0.547985
PID: 4 finished Reading Files... Time taken was 0.57638
PID: 0 finished Reading Files... Time taken was 0.658661
PID: 2 finished Reading Files... Time taken was 0.688033
PID: 5 finished mapping queue... Time taken was 2.48054

PID: 5 is done reducing.
Master Map length: 96210
Execution time: 3.06656

PID: 4 finished mapping queue... Time taken was 2.53942

PID: 4 is done reducing.
Master Map length: 96210
Execution time: 3.16364

PID: 3 finished mapping queue... Time taken was 2.73047

PID: 1 finished mapping queue... Time taken was 2.74671

PID: 2 finished mapping queue... Time taken was 2.61566

PID: 3 is done reducing.
Master Map length: 96210
Execution time: 3.31572

PID: 1 is done reducing.
Master Map length: 96210
Execution time: 3.33385

PID: 2 is done reducing.
Master Map length: 96210
Execution time: 3.35458

PID: 0 finished mapping queue... Time taken was 2.73692

PID: 0 is done reducing.
Master Map length: 96210
Execution time: 3.44283




**MPI Implementation**
Number of Processes: 6
Number of Threads Per Process: 10
Final Master Map length: 96210
Final Execution time: 3.92008
