srun: Warning: can't honor --ntasks-per-node set to 5 which doesn't match the requested tasks 10 with the number of requested nodes 10. Ignoring --ntasks-per-node.
PID: 6 finished Reading Files... Time taken was 0.36694
PID: 5 finished Reading Files... Time taken was 0.603925
PID: 4 finished Reading Files... Time taken was 0.620667
PID: 2 finished Reading Files... Time taken was 0.619749
PID: 3 finished Reading Files... Time taken was 0.619933
PID: 1 finished Reading Files... Time taken was 0.621504
PID: 8 finished Reading Files... Time taken was 0.627365
PID: 9 finished Reading Files... Time taken was 0.679978
PID: 7 finished Reading Files... Time taken was 0.685919
PID: 0 finished Reading Files... Time taken was 0.699578
PID: 6 finished mapping queue... Time taken was 1.59888

PID: 6 is done reducing.
Master Map length: 96210
Execution time: 2.00106

PID: 1 finished mapping queue... Time taken was 1.55579

PID: 1 is done reducing.
Master Map length: 96210
Execution time: 2.21625

PID: 5 finished mapping queue... Time taken was 1.63975

PID: 3 finished mapping queue... Time taken was 1.63275

PID: 5 is done reducing.
Master Map length: 96210
Execution time: 2.28322

PID: 3 is done reducing.
Master Map length: 96210
Execution time: 2.29085

PID: 2 finished mapping queue... Time taken was 1.77035

PID: 2 is done reducing.
Master Map length: 96210
Execution time: 2.42855

PID: 8 finished mapping queue... Time taken was 1.80441

PID: 9 finished mapping queue... Time taken was 1.77403

PID: 8 is done reducing.
Master Map length: 96210
Execution time: 2.47828

PID: 0 finished mapping queue... Time taken was 1.78925

PID: 4 finished mapping queue... Time taken was 1.87799

PID: 9 is done reducing.
Master Map length: 96210
Execution time: 2.50482

PID: 0 is done reducing.
Master Map length: 96210
Execution time: 2.5245

PID: 7 finished mapping queue... Time taken was 1.84283

PID: 4 is done reducing.
Master Map length: 96210
Execution time: 2.53825

PID: 7 is done reducing.
Master Map length: 96210
Execution time: 2.57012




**MPI Implementation**
Number of Processes: 10
Number of Threads Per Process: 5
Final Master Map length: 96210
Final Execution time: 3.49654
