PID: 4 finished Reading Files... Time taken was 0.399908
PID: 3 finished Reading Files... Time taken was 0.402442
PID: 1 finished Reading Files... Time taken was 0.608477
PID: 7 finished Reading Files... Time taken was 0.611272
PID: 5 finished Reading Files... Time taken was 0.629385
PID: 0 finished Reading Files... Time taken was 0.636457
PID: 6 finished Reading Files... Time taken was 0.640317
PID: 2 finished Reading Files... Time taken was 0.642974
PID: 3 finished mapping queue... Time taken was 1.91588

PID: 4 finished mapping queue... Time taken was 1.98089

PID: 3 is done reducing.
Master Map length: 96210
Execution time: 2.40643

PID: 7 finished mapping queue... Time taken was 1.89807

PID: 1 finished mapping queue... Time taken was 1.93686

PID: 4 is done reducing.
Master Map length: 96210
Execution time: 2.55134

PID: 7 is done reducing.
Master Map length: 96210
Execution time: 2.57533

PID: 0 finished mapping queue... Time taken was 1.93952

PID: 2 finished mapping queue... Time taken was 1.96621

PID: 1 is done reducing.
Master Map length: 96210
Execution time: 2.63314

PID: 5 finished mapping queue... Time taken was 2.00836

PID: 0 is done reducing.
Master Map length: 96210
Execution time: 2.67306

PID: 2 is done reducing.
Master Map length: 96210
Execution time: 2.68892

PID: 5 is done reducing.
Master Map length: 96210
Execution time: 2.71262

PID: 6 finished mapping queue... Time taken was 2.21944

PID: 6 is done reducing.
Master Map length: 96210
Execution time: 2.94964




**MPI Implementation**
Number of Processes: 8
Number of Threads Per Process: 20
Final Master Map length: 96210
Final Execution time: 3.33245
