PID: 2 finished Reading Files... Time taken was 0.663003
PID: 1 finished Reading Files... Time taken was 0.676649
PID: 0 finished Reading Files... Time taken was 0.709517
PID: 1 finished mapping queue... Time taken was 5.0478

PID: 1 is done reducing.
Master Map length: 96210
Execution time: 5.78142

PID: 0 finished mapping queue... Time taken was 5.33707

PID: 0 is done reducing.
Master Map length: 96210
Execution time: 6.138

PID: 2 finished mapping queue... Time taken was 5.53212

PID: 2 is done reducing.
Master Map length: 96210
Execution time: 6.29772




**MPI Implementation**
Number of Processes: 3
Number of Threads Per Process: 20
Final Master Map length: 96210
Final Execution time: 6.43825
